[2022-03-19 16:29:06,384] {taskinstance.py:1037} INFO - Dependencies all met for <TaskInstance: udac_new_v1_dag.load_songplays_fact_table manual__2022-03-19T08:25:49.448365+00:00 [queued]>
[2022-03-19 16:29:06,399] {taskinstance.py:1037} INFO - Dependencies all met for <TaskInstance: udac_new_v1_dag.load_songplays_fact_table manual__2022-03-19T08:25:49.448365+00:00 [queued]>
[2022-03-19 16:29:06,399] {taskinstance.py:1243} INFO - 
--------------------------------------------------------------------------------
[2022-03-19 16:29:06,400] {taskinstance.py:1244} INFO - Starting attempt 1 of 2
[2022-03-19 16:29:06,401] {taskinstance.py:1245} INFO - 
--------------------------------------------------------------------------------
[2022-03-19 16:29:06,416] {taskinstance.py:1264} INFO - Executing <Task(LoadFactOperator): load_songplays_fact_table> on 2022-03-19 08:25:49.448365+00:00
[2022-03-19 16:29:06,421] {standard_task_runner.py:52} INFO - Started process 22624 to run task
[2022-03-19 16:29:06,426] {standard_task_runner.py:76} INFO - Running: ['***', 'tasks', 'run', 'udac_new_v1_dag', 'load_songplays_fact_table', 'manual__2022-03-19T08:25:49.448365+00:00', '--job-id', '16', '--raw', '--subdir', 'DAGS_FOLDER/udac_v1.py', '--cfg-path', '/var/folders/lh/ngst1lt51m9_gyz7qrg2f3nh0000gn/T/tmpkmswo5f4', '--error-file', '/var/folders/lh/ngst1lt51m9_gyz7qrg2f3nh0000gn/T/tmpjydhjveq']
[2022-03-19 16:29:06,429] {standard_task_runner.py:77} INFO - Job 16: Subtask load_songplays_fact_table
[2022-03-19 16:29:06,501] {logging_mixin.py:109} INFO - Running <TaskInstance: udac_new_v1_dag.load_songplays_fact_table manual__2022-03-19T08:25:49.448365+00:00 [running]> on host 1.0.0.127.in-addr.arpa
[2022-03-19 16:29:06,593] {taskinstance.py:1429} INFO - Exporting the following env vars:
AIRFLOW_CTX_DAG_OWNER=udacity
AIRFLOW_CTX_DAG_ID=udac_new_v1_dag
AIRFLOW_CTX_TASK_ID=load_songplays_fact_table
AIRFLOW_CTX_EXECUTION_DATE=2022-03-19T08:25:49.448365+00:00
AIRFLOW_CTX_DAG_RUN_ID=manual__2022-03-19T08:25:49.448365+00:00
[2022-03-19 16:29:06,594] {load_fact.py:86} INFO - Starting to truncate s
[2022-03-19 16:29:06,606] {base.py:70} INFO - Using connection to: id: redshift. Host: redshift-cluster-1.cvmsgkpkbsh2.us-west-2.redshift.amazonaws.com, Port: 5439, Schema: dev, Login: awsuser, Password: ***, extra: {}
[2022-03-19 16:29:08,190] {dbapi.py:225} INFO - Running statement: 
        TRUNCATE TABLE "public"."s"
        , parameters: None
[2022-03-19 16:29:08,757] {taskinstance.py:1718} ERROR - Task failed with exception
Traceback (most recent call last):
  File "/usr/local/anaconda3/envs/airflow_project/lib/python3.9/site-packages/airflow/models/taskinstance.py", line 1334, in _run_raw_task
    self._execute_task_with_callbacks(context)
  File "/usr/local/anaconda3/envs/airflow_project/lib/python3.9/site-packages/airflow/models/taskinstance.py", line 1460, in _execute_task_with_callbacks
    result = self._execute_task(context, self.task)
  File "/usr/local/anaconda3/envs/airflow_project/lib/python3.9/site-packages/airflow/models/taskinstance.py", line 1516, in _execute_task
    result = execute_callable(context=context)
  File "/Users/oneforall_nick/workspace/airflow/plugins/operators/load_fact.py", line 72, in execute
    self.load_songplays_fact_table(redshift_hook, context)
  File "/Users/oneforall_nick/workspace/airflow/plugins/operators/load_fact.py", line 92, in load_songplays_fact_table
    redshift_hook.run(truncate_fact_table)
  File "/usr/local/anaconda3/envs/airflow_project/lib/python3.9/site-packages/airflow/hooks/dbapi.py", line 205, in run
    self._run_command(cur, sql_statement, parameters)
  File "/usr/local/anaconda3/envs/airflow_project/lib/python3.9/site-packages/airflow/hooks/dbapi.py", line 229, in _run_command
    cur.execute(sql_statement)
psycopg2.errors.UndefinedTable: relation "public.s" does not exist

[2022-03-19 16:29:08,773] {taskinstance.py:1272} INFO - Marking task as UP_FOR_RETRY. dag_id=udac_new_v1_dag, task_id=load_songplays_fact_table, execution_date=20220319T082549, start_date=20220319T082906, end_date=20220319T082908
[2022-03-19 16:29:08,789] {standard_task_runner.py:89} ERROR - Failed to execute job 16 for task load_songplays_fact_table
Traceback (most recent call last):
  File "/usr/local/anaconda3/envs/airflow_project/lib/python3.9/site-packages/airflow/task/task_runner/standard_task_runner.py", line 85, in _start_by_fork
    args.func(args, dag=self.dag)
  File "/usr/local/anaconda3/envs/airflow_project/lib/python3.9/site-packages/airflow/cli/cli_parser.py", line 48, in command
    return func(*args, **kwargs)
  File "/usr/local/anaconda3/envs/airflow_project/lib/python3.9/site-packages/airflow/utils/cli.py", line 92, in wrapper
    return f(*args, **kwargs)
  File "/usr/local/anaconda3/envs/airflow_project/lib/python3.9/site-packages/airflow/cli/commands/task_command.py", line 298, in task_run
    _run_task_by_selected_method(args, dag, ti)
  File "/usr/local/anaconda3/envs/airflow_project/lib/python3.9/site-packages/airflow/cli/commands/task_command.py", line 107, in _run_task_by_selected_method
    _run_raw_task(args, ti)
  File "/usr/local/anaconda3/envs/airflow_project/lib/python3.9/site-packages/airflow/cli/commands/task_command.py", line 180, in _run_raw_task
    ti._run_raw_task(
  File "/usr/local/anaconda3/envs/airflow_project/lib/python3.9/site-packages/airflow/utils/session.py", line 70, in wrapper
    return func(*args, session=session, **kwargs)
  File "/usr/local/anaconda3/envs/airflow_project/lib/python3.9/site-packages/airflow/models/taskinstance.py", line 1334, in _run_raw_task
    self._execute_task_with_callbacks(context)
  File "/usr/local/anaconda3/envs/airflow_project/lib/python3.9/site-packages/airflow/models/taskinstance.py", line 1460, in _execute_task_with_callbacks
    result = self._execute_task(context, self.task)
  File "/usr/local/anaconda3/envs/airflow_project/lib/python3.9/site-packages/airflow/models/taskinstance.py", line 1516, in _execute_task
    result = execute_callable(context=context)
  File "/Users/oneforall_nick/workspace/airflow/plugins/operators/load_fact.py", line 72, in execute
    self.load_songplays_fact_table(redshift_hook, context)
  File "/Users/oneforall_nick/workspace/airflow/plugins/operators/load_fact.py", line 92, in load_songplays_fact_table
    redshift_hook.run(truncate_fact_table)
  File "/usr/local/anaconda3/envs/airflow_project/lib/python3.9/site-packages/airflow/hooks/dbapi.py", line 205, in run
    self._run_command(cur, sql_statement, parameters)
  File "/usr/local/anaconda3/envs/airflow_project/lib/python3.9/site-packages/airflow/hooks/dbapi.py", line 229, in _run_command
    cur.execute(sql_statement)
psycopg2.errors.UndefinedTable: relation "public.s" does not exist

[2022-03-19 16:29:08,832] {local_task_job.py:154} INFO - Task exited with return code 1
[2022-03-19 16:29:08,879] {local_task_job.py:264} INFO - 0 downstream tasks scheduled from follow-on schedule check
